生成启动时间为 2018/11/20 0:48:40。
     1>项目“C:\Users\Administrator\Documents\GitHub\github\AGMS\AGMS\AGMS.vcxproj”在节点 2 上(Build 个目标)。
     1>ClCompile:
         C:\Program Files (x86)\Microsoft Visual Studio 12.0\VC\bin\CL.exe /c /AI"C:\Program Files (x86)\Reference Assemblies\Microsoft\Framework\.NETFramework\v4.5\\" /AI"C:\Program Files (x86)\Windows Kits\8.1\References\CommonConfiguration\Neutral" /AI"C:\Program Files (x86)\Reference Assemblies\Microsoft\Framework\.NETFramework\v4.5\Facades\\" /Zi /clr:pure /nologo /W3 /WX- /Od /Oy- /D WIN32 /D _DEBUG /D _UNICODE /D UNICODE /EHa /MDd /GS /fp:precise /Zc:wchar_t /Zc:forScope /Yu"stdafx.h" /Fp"Debug\AGMS.pch" /Fo"Debug\\" /Fd"Debug\vc120.pdb" /TP /FU"C:\Program Files (x86)\Reference Assemblies\Microsoft\Framework\.NETFramework\v4.5\mscorlib.dll" /FU"C:\Program Files (x86)\Reference Assemblies\Microsoft\Framework\.NETFramework\v4.5\System.Data.dll" /FU"C:\Program Files (x86)\Reference Assemblies\Microsoft\Framework\.NETFramework\v4.5\System.dll" /FU"C:\Program Files (x86)\Reference Assemblies\Microsoft\Framework\.NETFramework\v4.5\System.Drawing.dll" /FU"C:\Program Files (x86)\Reference Assemblies\Microsoft\Framework\.NETFramework\v4.5\System.Windows.Forms.DataVisualization.dll" /FU"C:\Program Files (x86)\Reference Assemblies\Microsoft\Framework\.NETFramework\v4.5\System.Windows.Forms.dll" /FU"C:\Program Files (x86)\Reference Assemblies\Microsoft\Framework\.NETFramework\v4.5\System.Xml.dll" /analyze- /errorReport:prompt /clr:nostdlib AGMS.cpp
         AGMS.cpp
     1>c:\users\administrator\documents\github\github\agms\agms\SerialForm.h(223): warning C4244: “参数”: 从“float”转换到“int”，可能丢失数据
     1>c:\users\administrator\documents\github\github\agms\agms\SetForm.h(323): warning C4244: “=”: 从“float”转换到“int”，可能丢失数据
     1>c:\users\administrator\documents\github\github\agms\agms\SetForm.h(324): warning C4244: “=”: 从“float”转换到“int”，可能丢失数据
     1>c:\users\administrator\documents\github\github\agms\agms\SetForm.h(325): warning C4244: “=”: 从“float”转换到“int”，可能丢失数据
     1>c:\users\administrator\documents\github\github\agms\agms\SetForm.h(326): warning C4244: “=”: 从“float”转换到“int”，可能丢失数据
     1>c:\users\administrator\documents\github\github\agms\agms\SetForm.h(327): warning C4244: “=”: 从“float”转换到“int”，可能丢失数据
     1>c:\users\administrator\documents\github\github\agms\agms\SetForm.h(328): warning C4244: “=”: 从“float”转换到“int”，可能丢失数据
     1>c:\users\administrator\documents\github\github\agms\agms\SetForm.h(329): warning C4244: “=”: 从“float”转换到“int”，可能丢失数据
     1>c:\users\administrator\documents\github\github\agms\agms\SetForm.h(330): warning C4244: “=”: 从“float”转换到“int”，可能丢失数据
       Link:
         C:\Program Files (x86)\Microsoft Visual Studio 12.0\VC\bin\link.exe /ERRORREPORT:PROMPT /OUT:"C:\Users\Administrator\Documents\GitHub\github\AGMS\Debug\AGMS.exe" /INCREMENTAL /NOLOGO /ASSEMBLYRESOURCE:Debug\AGMS.Form1.resources /ASSEMBLYRESOURCE:Debug\AGMS.LocationForm.resources /ASSEMBLYRESOURCE:Debug\AGMS.SerialForm.resources /ASSEMBLYRESOURCE:Debug\AGMS.SetForm.resources /MANIFEST /MANIFESTUAC:"level='asInvoker' uiAccess='false'" /manifest:embed /DEBUG /PDB:"C:\Users\Administrator\Documents\GitHub\github\AGMS\Debug\AGMS.pdb" /ASSEMBLYDEBUG /SUBSYSTEM:WINDOWS /TLBID:1 /ENTRY:"main" /DYNAMICBASE /FIXED:NO /NXCOMPAT /MACHINE:X86 Debug\app.res
         Debug\AGMS.obj
         Debug\AssemblyInfo.obj
         Debug\LocationForm.obj
         Debug\SerialForm.obj
         Debug\SetForm.obj
         Debug\stdafx.obj
         "Debug\.NETFramework,Version=v4.5.AssemblyAttributes.obj"
         AGMS.vcxproj -> C:\Users\Administrator\Documents\GitHub\github\AGMS\Debug\AGMS.exe
     1>已完成生成项目“C:\Users\Administrator\Documents\GitHub\github\AGMS\AGMS\AGMS.vcxproj”(Build 个目标)的操作。

生成成功。

已用时间 00:00:02.99
