生成启动时间为 2017/12/4 21:20:45。
     1>项目“C:\Users\张紫萱\Desktop\有轨电车车内环境监测系统12.04\有轨电车车内环境监测系统12.01号版\AMCS\AMCS\AMCS.vcxproj”在节点 2 上(Build 个目标)。
     1>ClCompile:
         D:\Program Files (x86)\Microsoft Visual Studio 12.0\VC\bin\CL.exe /c /AI"C:\Program Files (x86)\Reference Assemblies\Microsoft\Framework\.NETFramework\v4.5\\" /AI"C:\Program Files (x86)\Windows Kits\8.1\References\CommonConfiguration\Neutral" /AI"C:\Program Files (x86)\Reference Assemblies\Microsoft\Framework\.NETFramework\v4.5\Facades\\" /Zi /clr:pure /nologo /W3 /WX- /Od /Oy- /D WIN32 /D _DEBUG /D _UNICODE /D UNICODE /EHa /MDd /GS /fp:precise /Zc:wchar_t /Zc:forScope /Yu"stdafx.h" /Fp"Debug\AMCS.pch" /Fo"Debug\\" /Fd"Debug\vc120.pdb" /TP /FU"C:\Program Files (x86)\Reference Assemblies\Microsoft\Framework\.NETFramework\v4.5\mscorlib.dll" /FU"C:\Program Files (x86)\Reference Assemblies\Microsoft\Framework\.NETFramework\v4.5\System.Data.dll" /FU"C:\Program Files (x86)\Reference Assemblies\Microsoft\Framework\.NETFramework\v4.5\System.dll" /FU"C:\Program Files (x86)\Reference Assemblies\Microsoft\Framework\.NETFramework\v4.5\System.Drawing.dll" /FU"C:\Program Files (x86)\Reference Assemblies\Microsoft\Framework\.NETFramework\v4.5\System.Windows.Forms.DataVisualization.dll" /FU"C:\Program Files (x86)\Reference Assemblies\Microsoft\Framework\.NETFramework\v4.5\System.Windows.Forms.dll" /FU"C:\Program Files (x86)\Reference Assemblies\Microsoft\Framework\.NETFramework\v4.5\System.Xml.dll" /analyze- /errorReport:prompt /clr:nostdlib AMCS.cpp
         AMCS.cpp
     1>c:\users\张紫萱\desktop\有轨电车车内环境监测系统12.04\有轨电车车内环境监测系统12.01号版\amcs\amcs\SerialDlg.h(280): warning C4244: “参数”: 从“float”转换到“int”，可能丢失数据
     1>c:\users\张紫萱\desktop\有轨电车车内环境监测系统12.04\有轨电车车内环境监测系统12.01号版\amcs\amcs\SerialDlg.h(324): warning C4244: “参数”: 从“float”转换到“int”，可能丢失数据
     1>c:\users\张紫萱\desktop\有轨电车车内环境监测系统12.04\有轨电车车内环境监测系统12.01号版\amcs\amcs\SearchForm.h(752): warning C4244: “参数”: 从“int”转换到“float”，可能丢失数据
     1>c:\users\张紫萱\desktop\有轨电车车内环境监测系统12.04\有轨电车车内环境监测系统12.01号版\amcs\amcs\SearchForm.h(763): warning C4244: “参数”: 从“int”转换到“float”，可能丢失数据
     1>c:\users\张紫萱\desktop\有轨电车车内环境监测系统12.04\有轨电车车内环境监测系统12.01号版\amcs\amcs\SearchForm.h(767): warning C4244: “参数”: 从“int”转换到“float”，可能丢失数据
     1>c:\users\张紫萱\desktop\有轨电车车内环境监测系统12.04\有轨电车车内环境监测系统12.01号版\amcs\amcs\SearchForm.h(771): warning C4244: “参数”: 从“int”转换到“float”，可能丢失数据
     1>c:\users\张紫萱\desktop\有轨电车车内环境监测系统12.04\有轨电车车内环境监测系统12.01号版\amcs\amcs\SearchForm.h(775): warning C4244: “参数”: 从“int”转换到“float”，可能丢失数据
     1>c:\users\张紫萱\desktop\有轨电车车内环境监测系统12.04\有轨电车车内环境监测系统12.01号版\amcs\amcs\SearchForm.h(788): warning C4244: “参数”: 从“int”转换到“float”，可能丢失数据
     1>c:\users\张紫萱\desktop\有轨电车车内环境监测系统12.04\有轨电车车内环境监测系统12.01号版\amcs\amcs\SearchForm.h(792): warning C4244: “参数”: 从“int”转换到“float”，可能丢失数据
     1>c:\users\张紫萱\desktop\有轨电车车内环境监测系统12.04\有轨电车车内环境监测系统12.01号版\amcs\amcs\SearchForm.h(796): warning C4244: “参数”: 从“int”转换到“float”，可能丢失数据
     1>c:\users\张紫萱\desktop\有轨电车车内环境监测系统12.04\有轨电车车内环境监测系统12.01号版\amcs\amcs\SearchForm.h(800): warning C4244: “参数”: 从“int”转换到“float”，可能丢失数据
     1>c:\users\张紫萱\desktop\有轨电车车内环境监测系统12.04\有轨电车车内环境监测系统12.01号版\amcs\amcs\SearchForm.h(810): warning C4244: “参数”: 从“int”转换到“float”，可能丢失数据
     1>c:\users\张紫萱\desktop\有轨电车车内环境监测系统12.04\有轨电车车内环境监测系统12.01号版\amcs\amcs\SearchForm.h(821): warning C4244: “参数”: 从“int”转换到“float”，可能丢失数据
     1>c:\users\张紫萱\desktop\有轨电车车内环境监测系统12.04\有轨电车车内环境监测系统12.01号版\amcs\amcs\SearchForm.h(825): warning C4244: “参数”: 从“int”转换到“float”，可能丢失数据
     1>c:\users\张紫萱\desktop\有轨电车车内环境监测系统12.04\有轨电车车内环境监测系统12.01号版\amcs\amcs\SearchForm.h(829): warning C4244: “参数”: 从“int”转换到“float”，可能丢失数据
     1>c:\users\张紫萱\desktop\有轨电车车内环境监测系统12.04\有轨电车车内环境监测系统12.01号版\amcs\amcs\SearchForm.h(833): warning C4244: “参数”: 从“int”转换到“float”，可能丢失数据
     1>c:\users\张紫萱\desktop\有轨电车车内环境监测系统12.04\有轨电车车内环境监测系统12.01号版\amcs\amcs\SearchForm.h(846): warning C4244: “参数”: 从“int”转换到“float”，可能丢失数据
     1>c:\users\张紫萱\desktop\有轨电车车内环境监测系统12.04\有轨电车车内环境监测系统12.01号版\amcs\amcs\SearchForm.h(850): warning C4244: “参数”: 从“int”转换到“float”，可能丢失数据
     1>c:\users\张紫萱\desktop\有轨电车车内环境监测系统12.04\有轨电车车内环境监测系统12.01号版\amcs\amcs\SearchForm.h(854): warning C4244: “参数”: 从“int”转换到“float”，可能丢失数据
     1>c:\users\张紫萱\desktop\有轨电车车内环境监测系统12.04\有轨电车车内环境监测系统12.01号版\amcs\amcs\SearchForm.h(858): warning C4244: “参数”: 从“int”转换到“float”，可能丢失数据
     1>c:\users\张紫萱\desktop\有轨电车车内环境监测系统12.04\有轨电车车内环境监测系统12.01号版\amcs\amcs\SearchForm.h(868): warning C4244: “参数”: 从“int”转换到“float”，可能丢失数据
     1>c:\users\张紫萱\desktop\有轨电车车内环境监测系统12.04\有轨电车车内环境监测系统12.01号版\amcs\amcs\SearchForm.h(879): warning C4244: “参数”: 从“int”转换到“float”，可能丢失数据
     1>c:\users\张紫萱\desktop\有轨电车车内环境监测系统12.04\有轨电车车内环境监测系统12.01号版\amcs\amcs\SearchForm.h(883): warning C4244: “参数”: 从“int”转换到“float”，可能丢失数据
     1>c:\users\张紫萱\desktop\有轨电车车内环境监测系统12.04\有轨电车车内环境监测系统12.01号版\amcs\amcs\SearchForm.h(887): warning C4244: “参数”: 从“int”转换到“float”，可能丢失数据
     1>c:\users\张紫萱\desktop\有轨电车车内环境监测系统12.04\有轨电车车内环境监测系统12.01号版\amcs\amcs\SearchForm.h(891): warning C4244: “参数”: 从“int”转换到“float”，可能丢失数据
     1>c:\users\张紫萱\desktop\有轨电车车内环境监测系统12.04\有轨电车车内环境监测系统12.01号版\amcs\amcs\SearchForm.h(904): warning C4244: “参数”: 从“int”转换到“float”，可能丢失数据
     1>c:\users\张紫萱\desktop\有轨电车车内环境监测系统12.04\有轨电车车内环境监测系统12.01号版\amcs\amcs\SearchForm.h(908): warning C4244: “参数”: 从“int”转换到“float”，可能丢失数据
     1>c:\users\张紫萱\desktop\有轨电车车内环境监测系统12.04\有轨电车车内环境监测系统12.01号版\amcs\amcs\SearchForm.h(912): warning C4244: “参数”: 从“int”转换到“float”，可能丢失数据
     1>c:\users\张紫萱\desktop\有轨电车车内环境监测系统12.04\有轨电车车内环境监测系统12.01号版\amcs\amcs\SearchForm.h(916): warning C4244: “参数”: 从“int”转换到“float”，可能丢失数据
     1>c:\users\张紫萱\desktop\有轨电车车内环境监测系统12.04\有轨电车车内环境监测系统12.01号版\amcs\amcs\SearchForm.h(926): warning C4244: “参数”: 从“int”转换到“float”，可能丢失数据
     1>c:\users\张紫萱\desktop\有轨电车车内环境监测系统12.04\有轨电车车内环境监测系统12.01号版\amcs\amcs\SearchForm.h(937): warning C4244: “参数”: 从“int”转换到“float”，可能丢失数据
     1>c:\users\张紫萱\desktop\有轨电车车内环境监测系统12.04\有轨电车车内环境监测系统12.01号版\amcs\amcs\SearchForm.h(941): warning C4244: “参数”: 从“int”转换到“float”，可能丢失数据
     1>c:\users\张紫萱\desktop\有轨电车车内环境监测系统12.04\有轨电车车内环境监测系统12.01号版\amcs\amcs\SearchForm.h(945): warning C4244: “参数”: 从“int”转换到“float”，可能丢失数据
     1>c:\users\张紫萱\desktop\有轨电车车内环境监测系统12.04\有轨电车车内环境监测系统12.01号版\amcs\amcs\SearchForm.h(949): warning C4244: “参数”: 从“int”转换到“float”，可能丢失数据
     1>c:\users\张紫萱\desktop\有轨电车车内环境监测系统12.04\有轨电车车内环境监测系统12.01号版\amcs\amcs\SearchForm.h(962): warning C4244: “参数”: 从“int”转换到“float”，可能丢失数据
     1>c:\users\张紫萱\desktop\有轨电车车内环境监测系统12.04\有轨电车车内环境监测系统12.01号版\amcs\amcs\SearchForm.h(966): warning C4244: “参数”: 从“int”转换到“float”，可能丢失数据
     1>c:\users\张紫萱\desktop\有轨电车车内环境监测系统12.04\有轨电车车内环境监测系统12.01号版\amcs\amcs\SearchForm.h(970): warning C4244: “参数”: 从“int”转换到“float”，可能丢失数据
     1>c:\users\张紫萱\desktop\有轨电车车内环境监测系统12.04\有轨电车车内环境监测系统12.01号版\amcs\amcs\SearchForm.h(974): warning C4244: “参数”: 从“int”转换到“float”，可能丢失数据
     1>c:\users\张紫萱\desktop\有轨电车车内环境监测系统12.04\有轨电车车内环境监测系统12.01号版\amcs\amcs\SearchForm.h(983): warning C4244: “参数”: 从“int”转换到“float”，可能丢失数据
     1>c:\users\张紫萱\desktop\有轨电车车内环境监测系统12.04\有轨电车车内环境监测系统12.01号版\amcs\amcs\SearchForm.h(994): warning C4244: “参数”: 从“int”转换到“float”，可能丢失数据
     1>c:\users\张紫萱\desktop\有轨电车车内环境监测系统12.04\有轨电车车内环境监测系统12.01号版\amcs\amcs\SearchForm.h(998): warning C4244: “参数”: 从“int”转换到“float”，可能丢失数据
     1>c:\users\张紫萱\desktop\有轨电车车内环境监测系统12.04\有轨电车车内环境监测系统12.01号版\amcs\amcs\SearchForm.h(1002): warning C4244: “参数”: 从“int”转换到“float”，可能丢失数据
     1>c:\users\张紫萱\desktop\有轨电车车内环境监测系统12.04\有轨电车车内环境监测系统12.01号版\amcs\amcs\SearchForm.h(1006): warning C4244: “参数”: 从“int”转换到“float”，可能丢失数据
     1>c:\users\张紫萱\desktop\有轨电车车内环境监测系统12.04\有轨电车车内环境监测系统12.01号版\amcs\amcs\SearchForm.h(1010): warning C4244: “参数”: 从“int”转换到“float”，可能丢失数据
     1>c:\users\张紫萱\desktop\有轨电车车内环境监测系统12.04\有轨电车车内环境监测系统12.01号版\amcs\amcs\SearchForm.h(1014): warning C4244: “参数”: 从“int”转换到“float”，可能丢失数据
     1>c:\users\张紫萱\desktop\有轨电车车内环境监测系统12.04\有轨电车车内环境监测系统12.01号版\amcs\amcs\SearchForm.h(1018): warning C4244: “参数”: 从“int”转换到“float”，可能丢失数据
     1>c:\users\张紫萱\desktop\有轨电车车内环境监测系统12.04\有轨电车车内环境监测系统12.01号版\amcs\amcs\SearchForm.h(1030): warning C4244: “参数”: 从“int”转换到“float”，可能丢失数据
     1>c:\users\张紫萱\desktop\有轨电车车内环境监测系统12.04\有轨电车车内环境监测系统12.01号版\amcs\amcs\SearchForm.h(1034): warning C4244: “参数”: 从“int”转换到“float”，可能丢失数据
     1>c:\users\张紫萱\desktop\有轨电车车内环境监测系统12.04\有轨电车车内环境监测系统12.01号版\amcs\amcs\SearchForm.h(1038): warning C4244: “参数”: 从“int”转换到“float”，可能丢失数据
     1>c:\users\张紫萱\desktop\有轨电车车内环境监测系统12.04\有轨电车车内环境监测系统12.01号版\amcs\amcs\SearchForm.h(1042): warning C4244: “参数”: 从“int”转换到“float”，可能丢失数据
     1>c:\users\张紫萱\desktop\有轨电车车内环境监测系统12.04\有轨电车车内环境监测系统12.01号版\amcs\amcs\SearchForm.h(1046): warning C4244: “参数”: 从“int”转换到“float”，可能丢失数据
     1>c:\users\张紫萱\desktop\有轨电车车内环境监测系统12.04\有轨电车车内环境监测系统12.01号版\amcs\amcs\SearchForm.h(1050): warning C4244: “参数”: 从“int”转换到“float”，可能丢失数据
     1>c:\users\张紫萱\desktop\有轨电车车内环境监测系统12.04\有轨电车车内环境监测系统12.01号版\amcs\amcs\SearchForm.h(1054): warning C4244: “参数”: 从“int”转换到“float”，可能丢失数据
     1>c:\users\张紫萱\desktop\有轨电车车内环境监测系统12.04\有轨电车车内环境监测系统12.01号版\amcs\amcs\SearchForm.h(1064): warning C4244: “参数”: 从“int”转换到“float”，可能丢失数据
     1>c:\users\张紫萱\desktop\有轨电车车内环境监测系统12.04\有轨电车车内环境监测系统12.01号版\amcs\amcs\SearchForm.h(1075): warning C4244: “参数”: 从“int”转换到“float”，可能丢失数据
     1>c:\users\张紫萱\desktop\有轨电车车内环境监测系统12.04\有轨电车车内环境监测系统12.01号版\amcs\amcs\SearchForm.h(1079): warning C4244: “参数”: 从“int”转换到“float”，可能丢失数据
     1>c:\users\张紫萱\desktop\有轨电车车内环境监测系统12.04\有轨电车车内环境监测系统12.01号版\amcs\amcs\SearchForm.h(1083): warning C4244: “参数”: 从“int”转换到“float”，可能丢失数据
     1>c:\users\张紫萱\desktop\有轨电车车内环境监测系统12.04\有轨电车车内环境监测系统12.01号版\amcs\amcs\SearchForm.h(1087): warning C4244: “参数”: 从“int”转换到“float”，可能丢失数据
     1>c:\users\张紫萱\desktop\有轨电车车内环境监测系统12.04\有轨电车车内环境监测系统12.01号版\amcs\amcs\SearchForm.h(1091): warning C4244: “参数”: 从“int”转换到“float”，可能丢失数据
     1>c:\users\张紫萱\desktop\有轨电车车内环境监测系统12.04\有轨电车车内环境监测系统12.01号版\amcs\amcs\SearchForm.h(1095): warning C4244: “参数”: 从“int”转换到“float”，可能丢失数据
     1>c:\users\张紫萱\desktop\有轨电车车内环境监测系统12.04\有轨电车车内环境监测系统12.01号版\amcs\amcs\SearchForm.h(1099): warning C4244: “参数”: 从“int”转换到“float”，可能丢失数据
     1>c:\users\张紫萱\desktop\有轨电车车内环境监测系统12.04\有轨电车车内环境监测系统12.01号版\amcs\amcs\SearchForm.h(1111): warning C4244: “参数”: 从“int”转换到“float”，可能丢失数据
     1>c:\users\张紫萱\desktop\有轨电车车内环境监测系统12.04\有轨电车车内环境监测系统12.01号版\amcs\amcs\SearchForm.h(1115): warning C4244: “参数”: 从“int”转换到“float”，可能丢失数据
     1>c:\users\张紫萱\desktop\有轨电车车内环境监测系统12.04\有轨电车车内环境监测系统12.01号版\amcs\amcs\SearchForm.h(1119): warning C4244: “参数”: 从“int”转换到“float”，可能丢失数据
     1>c:\users\张紫萱\desktop\有轨电车车内环境监测系统12.04\有轨电车车内环境监测系统12.01号版\amcs\amcs\SearchForm.h(1123): warning C4244: “参数”: 从“int”转换到“float”，可能丢失数据
     1>c:\users\张紫萱\desktop\有轨电车车内环境监测系统12.04\有轨电车车内环境监测系统12.01号版\amcs\amcs\SearchForm.h(1127): warning C4244: “参数”: 从“int”转换到“float”，可能丢失数据
     1>c:\users\张紫萱\desktop\有轨电车车内环境监测系统12.04\有轨电车车内环境监测系统12.01号版\amcs\amcs\SearchForm.h(1131): warning C4244: “参数”: 从“int”转换到“float”，可能丢失数据
     1>c:\users\张紫萱\desktop\有轨电车车内环境监测系统12.04\有轨电车车内环境监测系统12.01号版\amcs\amcs\SearchForm.h(1135): warning C4244: “参数”: 从“int”转换到“float”，可能丢失数据
     1>c:\users\张紫萱\desktop\有轨电车车内环境监测系统12.04\有轨电车车内环境监测系统12.01号版\amcs\amcs\SearchForm.h(1145): warning C4244: “参数”: 从“int”转换到“float”，可能丢失数据
     1>c:\users\张紫萱\desktop\有轨电车车内环境监测系统12.04\有轨电车车内环境监测系统12.01号版\amcs\amcs\SearchForm.h(1156): warning C4244: “参数”: 从“int”转换到“float”，可能丢失数据
     1>c:\users\张紫萱\desktop\有轨电车车内环境监测系统12.04\有轨电车车内环境监测系统12.01号版\amcs\amcs\SearchForm.h(1160): warning C4244: “参数”: 从“int”转换到“float”，可能丢失数据
     1>c:\users\张紫萱\desktop\有轨电车车内环境监测系统12.04\有轨电车车内环境监测系统12.01号版\amcs\amcs\SearchForm.h(1164): warning C4244: “参数”: 从“int”转换到“float”，可能丢失数据
     1>c:\users\张紫萱\desktop\有轨电车车内环境监测系统12.04\有轨电车车内环境监测系统12.01号版\amcs\amcs\SearchForm.h(1168): warning C4244: “参数”: 从“int”转换到“float”，可能丢失数据
     1>c:\users\张紫萱\desktop\有轨电车车内环境监测系统12.04\有轨电车车内环境监测系统12.01号版\amcs\amcs\SearchForm.h(1172): warning C4244: “参数”: 从“int”转换到“float”，可能丢失数据
     1>c:\users\张紫萱\desktop\有轨电车车内环境监测系统12.04\有轨电车车内环境监测系统12.01号版\amcs\amcs\SearchForm.h(1176): warning C4244: “参数”: 从“int”转换到“float”，可能丢失数据
     1>c:\users\张紫萱\desktop\有轨电车车内环境监测系统12.04\有轨电车车内环境监测系统12.01号版\amcs\amcs\SearchForm.h(1180): warning C4244: “参数”: 从“int”转换到“float”，可能丢失数据
     1>c:\users\张紫萱\desktop\有轨电车车内环境监测系统12.04\有轨电车车内环境监测系统12.01号版\amcs\amcs\SearchForm.h(1192): warning C4244: “参数”: 从“int”转换到“float”，可能丢失数据
     1>c:\users\张紫萱\desktop\有轨电车车内环境监测系统12.04\有轨电车车内环境监测系统12.01号版\amcs\amcs\SearchForm.h(1196): warning C4244: “参数”: 从“int”转换到“float”，可能丢失数据
     1>c:\users\张紫萱\desktop\有轨电车车内环境监测系统12.04\有轨电车车内环境监测系统12.01号版\amcs\amcs\SearchForm.h(1200): warning C4244: “参数”: 从“int”转换到“float”，可能丢失数据
     1>c:\users\张紫萱\desktop\有轨电车车内环境监测系统12.04\有轨电车车内环境监测系统12.01号版\amcs\amcs\SearchForm.h(1204): warning C4244: “参数”: 从“int”转换到“float”，可能丢失数据
     1>c:\users\张紫萱\desktop\有轨电车车内环境监测系统12.04\有轨电车车内环境监测系统12.01号版\amcs\amcs\SearchForm.h(1208): warning C4244: “参数”: 从“int”转换到“float”，可能丢失数据
     1>c:\users\张紫萱\desktop\有轨电车车内环境监测系统12.04\有轨电车车内环境监测系统12.01号版\amcs\amcs\SearchForm.h(1212): warning C4244: “参数”: 从“int”转换到“float”，可能丢失数据
     1>c:\users\张紫萱\desktop\有轨电车车内环境监测系统12.04\有轨电车车内环境监测系统12.01号版\amcs\amcs\SearchForm.h(1216): warning C4244: “参数”: 从“int”转换到“float”，可能丢失数据
       Link:
         D:\Program Files (x86)\Microsoft Visual Studio 12.0\VC\bin\link.exe /ERRORREPORT:PROMPT /OUT:"C:\Users\张紫萱\Desktop\有轨电车车内环境监测系统12.04\有轨电车车内环境监测系统12.01号版\AMCS\Debug\AMCS.exe" /INCREMENTAL /NOLOGO user32.lib kernel32.lib kernel32.lib user32.lib gdi32.lib winspool.lib comdlg32.lib advapi32.lib shell32.lib ole32.lib oleaut32.lib uuid.lib odbc32.lib odbccp32.lib /ASSEMBLYRESOURCE:Debug\AMCS.AboutForm.resources /ASSEMBLYRESOURCE:Debug\AMCS.AlcoholForm.resources /ASSEMBLYRESOURCE:Debug\AMCS.Form1.resources /ASSEMBLYRESOURCE:Debug\AMCS.HelpForm.resources /ASSEMBLYRESOURCE:Debug\AMCS.HumiForm.resources /ASSEMBLYRESOURCE:Debug\AMCS.PMForm.resources /ASSEMBLYRESOURCE:Debug\AMCS.SearchForm.resources /ASSEMBLYRESOURCE:Debug\AMCS.SerialDlg.resources /ASSEMBLYRESOURCE:Debug\AMCS.SettingForm.resources /ASSEMBLYRESOURCE:Debug\AMCS.TempForm.resources /MANIFEST /MANIFESTUAC:"level='asInvoker' uiAccess='false'" /manifest:embed /DEBUG /PDB:"C:\Users\张紫萱\Desktop\有轨电车车内环境监测系统12.04\有轨电车车内环境监测系统12.01号版\AMCS\Debug\AMCS.pdb" /ASSEMBLYDEBUG /SUBSYSTEM:WINDOWS /TLBID:1 /ENTRY:"main" /DYNAMICBASE /FIXED:NO /NXCOMPAT /MACHINE:X86 Debug\app.res
         Debug\AboutForm.obj
         Debug\AlcoholForm.obj
         Debug\AMCS.obj
         Debug\AssemblyInfo.obj
         Debug\HelpForm.obj
         Debug\HumiForm.obj
         Debug\PMForm.obj
         Debug\SearchForm.obj
         Debug\SerialDlg.obj
         Debug\SettingForm.obj
         Debug\stdafx.obj
         Debug\TempForm.obj
         "Debug\.NETFramework,Version=v4.5.AssemblyAttributes.obj"
         AMCS.vcxproj -> C:\Users\张紫萱\Desktop\有轨电车车内环境监测系统12.04\有轨电车车内环境监测系统12.01号版\AMCS\Debug\AMCS.exe
     1>已完成生成项目“C:\Users\张紫萱\Desktop\有轨电车车内环境监测系统12.04\有轨电车车内环境监测系统12.01号版\AMCS\AMCS\AMCS.vcxproj”(Build 个目标)的操作。

生成成功。

已用时间 00:00:07.33
