c:\users\asus\documents\github\github\有轨电车车内环境监测系统最终版\有轨电车车内环境监测系统12.01号版\com 最终版\com 12.3\com\com\debug\com.pch
c:\users\asus\documents\github\github\有轨电车车内环境监测系统最终版\有轨电车车内环境监测系统12.01号版\com 最终版\com 12.3\com\com\debug\vc120.pdb
c:\users\asus\documents\github\github\有轨电车车内环境监测系统最终版\有轨电车车内环境监测系统12.01号版\com 最终版\com 12.3\com\com\debug\stdafx.obj
c:\users\asus\documents\github\github\有轨电车车内环境监测系统最终版\有轨电车车内环境监测系统12.01号版\com 最终版\com 12.3\com\com\debug\assemblyinfo.obj
c:\users\asus\documents\github\github\有轨电车车内环境监测系统最终版\有轨电车车内环境监测系统12.01号版\com 最终版\com 12.3\com\com\debug\.netframework,version=v4.5.assemblyattributes.obj
c:\users\asus\documents\github\github\有轨电车车内环境监测系统最终版\有轨电车车内环境监测系统12.01号版\com 最终版\com 12.3\com\com\debug\com.obj
c:\users\asus\documents\github\github\有轨电车车内环境监测系统最终版\有轨电车车内环境监测系统12.01号版\com 最终版\com 12.3\com\com\debug\com.form1.resources
c:\users\asus\documents\github\github\有轨电车车内环境监测系统最终版\有轨电车车内环境监测系统12.01号版\com 最终版\com 12.3\com\debug\com.exe
c:\users\asus\documents\github\github\有轨电车车内环境监测系统最终版\有轨电车车内环境监测系统12.01号版\com 最终版\com 12.3\com\debug\com.pdb
c:\users\asus\documents\github\github\有轨电车车内环境监测系统最终版\有轨电车车内环境监测系统12.01号版\com 最终版\com 12.3\com\com\debug\app.res
c:\users\asus\documents\github\github\有轨电车车内环境监测系统最终版\有轨电车车内环境监测系统12.01号版\com 最终版\com 12.3\com\com\debug\com.vcxproj.generateresource.cache
c:\users\asus\documents\github\github\有轨电车车内环境监测系统最终版\有轨电车车内环境监测系统12.01号版\com 最终版\com 12.3\com\com\debug\com.vcxprojresolveassemblyreference.cache
c:\users\asus\documents\github\github\有轨电车车内环境监测系统最终版\有轨电车车内环境监测系统12.01号版\com 最终版\com 12.3\com\com\debug\com.tlog\cl.command.1.tlog
c:\users\asus\documents\github\github\有轨电车车内环境监测系统最终版\有轨电车车内环境监测系统12.01号版\com 最终版\com 12.3\com\com\debug\com.tlog\cl.read.1.tlog
c:\users\asus\documents\github\github\有轨电车车内环境监测系统最终版\有轨电车车内环境监测系统12.01号版\com 最终版\com 12.3\com\com\debug\com.tlog\cl.read.2.tlog
c:\users\asus\documents\github\github\有轨电车车内环境监测系统最终版\有轨电车车内环境监测系统12.01号版\com 最终版\com 12.3\com\com\debug\com.tlog\cl.write.1.tlog
c:\users\asus\documents\github\github\有轨电车车内环境监测系统最终版\有轨电车车内环境监测系统12.01号版\com 最终版\com 12.3\com\com\debug\com.tlog\com.write.1u.tlog
c:\users\asus\documents\github\github\有轨电车车内环境监测系统最终版\有轨电车车内环境监测系统12.01号版\com 最终版\com 12.3\com\com\debug\com.tlog\link.command.1.tlog
c:\users\asus\documents\github\github\有轨电车车内环境监测系统最终版\有轨电车车内环境监测系统12.01号版\com 最终版\com 12.3\com\com\debug\com.tlog\link.read.1.tlog
c:\users\asus\documents\github\github\有轨电车车内环境监测系统最终版\有轨电车车内环境监测系统12.01号版\com 最终版\com 12.3\com\com\debug\com.tlog\link.write.1.tlog
c:\users\asus\documents\github\github\有轨电车车内环境监测系统最终版\有轨电车车内环境监测系统12.01号版\com 最终版\com 12.3\com\com\debug\com.tlog\metagen.read.1.tlog
c:\users\asus\documents\github\github\有轨电车车内环境监测系统最终版\有轨电车车内环境监测系统12.01号版\com 最终版\com 12.3\com\com\debug\com.tlog\metagen.write.1.tlog
c:\users\asus\documents\github\github\有轨电车车内环境监测系统最终版\有轨电车车内环境监测系统12.01号版\com 最终版\com 12.3\com\com\debug\com.tlog\rc.command.1.tlog
c:\users\asus\documents\github\github\有轨电车车内环境监测系统最终版\有轨电车车内环境监测系统12.01号版\com 最终版\com 12.3\com\com\debug\com.tlog\rc.read.1.tlog
c:\users\asus\documents\github\github\有轨电车车内环境监测系统最终版\有轨电车车内环境监测系统12.01号版\com 最终版\com 12.3\com\com\debug\com.tlog\rc.write.1.tlog
c:\users\asus\documents\github\github\有轨电车车内环境监测系统最终版\有轨电车车内环境监测系统12.01号版\com 最终版\com 12.3\com\com\debug\com.tlog\oleaccrc.dll.bi
c:\users\asus\documents\github\github\有轨电车车内环境监测系统最终版\有轨电车车内环境监测系统12.01号版\com 最终版\com 12.3\com\com\debug\com.tlog\rsaenh.dll.bi
c:\users\asus\documents\github\github\有轨电车车内环境监测系统最终版\有轨电车车内环境监测系统12.01号版\com 最终版\com 12.3\com\com\debug\com.tlog\tzres.dll.bi
