生成启动时间为 2018/11/28 11:39:27。
     1>项目“C:\Users\ASUS\Desktop\github-ae878448bfffbf799334b73e642775f5c8fb17f4\有轨电车车内环境监测系统最终版\有轨电车车内环境监测系统12.01号版\COM 最终版\COM 12.3\COM\COM\COM.vcxproj”在节点 2 上(Build 个目标)。
     1>ClCompile:
         C:\Program Files (x86)\Microsoft Visual Studio 12.0\VC\bin\CL.exe /c /AI"C:\Program Files (x86)\Reference Assemblies\Microsoft\Framework\.NETFramework\v4.5\\" /AI"C:\Program Files (x86)\Windows Kits\8.1\References\CommonConfiguration\Neutral" /AI"C:\Program Files (x86)\Reference Assemblies\Microsoft\Framework\.NETFramework\v4.5\Facades\\" /Zi /clr:pure /nologo /W3 /WX- /Od /Oy- /D WIN32 /D _DEBUG /D _UNICODE /D UNICODE /EHa /MDd /GS /fp:precise /Zc:wchar_t /Zc:forScope /Yu"stdafx.h" /Fp"Debug\COM.pch" /Fo"Debug\\" /Fd"Debug\vc120.pdb" /TP /FU"C:\Program Files (x86)\Reference Assemblies\Microsoft\Framework\.NETFramework\v4.5\mscorlib.dll" /FU"C:\Program Files (x86)\Reference Assemblies\Microsoft\Framework\.NETFramework\v4.5\System.Data.dll" /FU"C:\Program Files (x86)\Reference Assemblies\Microsoft\Framework\.NETFramework\v4.5\System.dll" /FU"C:\Program Files (x86)\Reference Assemblies\Microsoft\Framework\.NETFramework\v4.5\System.Drawing.dll" /FU"C:\Program Files (x86)\Reference Assemblies\Microsoft\Framework\.NETFramework\v4.5\System.Windows.Forms.dll" /FU"C:\Program Files (x86)\Reference Assemblies\Microsoft\Framework\.NETFramework\v4.5\System.Xml.dll" /analyze- /errorReport:prompt /clr:nostdlib COM.cpp
         COM.cpp
     1>c:\users\asus\desktop\github-ae878448bfffbf799334b73e642775f5c8fb17f4\有轨电车车内环境监测系统最终版\有轨电车车内环境监测系统12.01号版\com 最终版\com 12.3\com\com\PID.h(62): warning C4305: “初始化”: 从“double”到“float”截断
     1>c:\users\asus\desktop\github-ae878448bfffbf799334b73e642775f5c8fb17f4\有轨电车车内环境监测系统最终版\有轨电车车内环境监测系统12.01号版\com 最终版\com 12.3\com\com\Form1.h(1955): warning C4305: “参数”: 从“double”到“float”截断
     1>c:\users\asus\desktop\github-ae878448bfffbf799334b73e642775f5c8fb17f4\有轨电车车内环境监测系统最终版\有轨电车车内环境监测系统12.01号版\com 最终版\com 12.3\com\com\Form1.h(1878): warning C4244: “初始化”: 从“double”转换到“float”，可能丢失数据
     1>c:\users\asus\desktop\github-ae878448bfffbf799334b73e642775f5c8fb17f4\有轨电车车内环境监测系统最终版\有轨电车车内环境监测系统12.01号版\com 最终版\com 12.3\com\com\Form1.h(1973): warning C4244: “=”: 从“double”转换到“float”，可能丢失数据
     1>c:\users\asus\desktop\github-ae878448bfffbf799334b73e642775f5c8fb17f4\有轨电车车内环境监测系统最终版\有轨电车车内环境监测系统12.01号版\com 最终版\com 12.3\com\com\Form1.h(1977): warning C4244: “=”: 从“double”转换到“float”，可能丢失数据
     1>c:\users\asus\desktop\github-ae878448bfffbf799334b73e642775f5c8fb17f4\有轨电车车内环境监测系统最终版\有轨电车车内环境监测系统12.01号版\com 最终版\com 12.3\com\com\Form1.h(1978): warning C4244: “=”: 从“double”转换到“float”，可能丢失数据
     1>c:\users\asus\desktop\github-ae878448bfffbf799334b73e642775f5c8fb17f4\有轨电车车内环境监测系统最终版\有轨电车车内环境监测系统12.01号版\com 最终版\com 12.3\com\com\Form1.h(1979): warning C4244: “=”: 从“double”转换到“float”，可能丢失数据
     1>c:\users\asus\desktop\github-ae878448bfffbf799334b73e642775f5c8fb17f4\有轨电车车内环境监测系统最终版\有轨电车车内环境监测系统12.01号版\com 最终版\com 12.3\com\com\Form1.h(1984): warning C4244: “+=”: 从“double”转换到“float”，可能丢失数据
     1>c:\users\asus\desktop\github-ae878448bfffbf799334b73e642775f5c8fb17f4\有轨电车车内环境监测系统最终版\有轨电车车内环境监测系统12.01号版\com 最终版\com 12.3\com\com\Form1.h(1985): warning C4244: “+=”: 从“double”转换到“float”，可能丢失数据
     1>c:\users\asus\desktop\github-ae878448bfffbf799334b73e642775f5c8fb17f4\有轨电车车内环境监测系统最终版\有轨电车车内环境监测系统12.01号版\com 最终版\com 12.3\com\com\Form1.h(1986): warning C4244: “+=”: 从“double”转换到“float”，可能丢失数据
     1>c:\users\asus\desktop\github-ae878448bfffbf799334b73e642775f5c8fb17f4\有轨电车车内环境监测系统最终版\有轨电车车内环境监测系统12.01号版\com 最终版\com 12.3\com\com\Form1.h(2000): warning C4244: “=”: 从“double”转换到“float”，可能丢失数据
     1>c:\users\asus\desktop\github-ae878448bfffbf799334b73e642775f5c8fb17f4\有轨电车车内环境监测系统最终版\有轨电车车内环境监测系统12.01号版\com 最终版\com 12.3\com\com\Form1.h(2003): warning C4244: “=”: 从“double”转换到“float”，可能丢失数据
     1>c:\users\asus\desktop\github-ae878448bfffbf799334b73e642775f5c8fb17f4\有轨电车车内环境监测系统最终版\有轨电车车内环境监测系统12.01号版\com 最终版\com 12.3\com\com\Form1.h(2004): warning C4244: “=”: 从“double”转换到“float”，可能丢失数据
     1>c:\users\asus\desktop\github-ae878448bfffbf799334b73e642775f5c8fb17f4\有轨电车车内环境监测系统最终版\有轨电车车内环境监测系统12.01号版\com 最终版\com 12.3\com\com\Form1.h(2005): warning C4244: “=”: 从“double”转换到“float”，可能丢失数据
     1>c:\users\asus\desktop\github-ae878448bfffbf799334b73e642775f5c8fb17f4\有轨电车车内环境监测系统最终版\有轨电车车内环境监测系统12.01号版\com 最终版\com 12.3\com\com\Form1.h(2012): warning C4244: “+=”: 从“double”转换到“float”，可能丢失数据
     1>c:\users\asus\desktop\github-ae878448bfffbf799334b73e642775f5c8fb17f4\有轨电车车内环境监测系统最终版\有轨电车车内环境监测系统12.01号版\com 最终版\com 12.3\com\com\Form1.h(2013): warning C4244: “+=”: 从“double”转换到“float”，可能丢失数据
     1>c:\users\asus\desktop\github-ae878448bfffbf799334b73e642775f5c8fb17f4\有轨电车车内环境监测系统最终版\有轨电车车内环境监测系统12.01号版\com 最终版\com 12.3\com\com\Form1.h(2014): warning C4244: “+=”: 从“double”转换到“float”，可能丢失数据
     1>c:\users\asus\desktop\github-ae878448bfffbf799334b73e642775f5c8fb17f4\有轨电车车内环境监测系统最终版\有轨电车车内环境监测系统12.01号版\com 最终版\com 12.3\com\com\Form1.h(2029): warning C4244: “=”: 从“double”转换到“float”，可能丢失数据
     1>c:\users\asus\desktop\github-ae878448bfffbf799334b73e642775f5c8fb17f4\有轨电车车内环境监测系统最终版\有轨电车车内环境监测系统12.01号版\com 最终版\com 12.3\com\com\Form1.h(2032): warning C4244: “=”: 从“double”转换到“float”，可能丢失数据
     1>c:\users\asus\desktop\github-ae878448bfffbf799334b73e642775f5c8fb17f4\有轨电车车内环境监测系统最终版\有轨电车车内环境监测系统12.01号版\com 最终版\com 12.3\com\com\Form1.h(2033): warning C4244: “=”: 从“double”转换到“float”，可能丢失数据
     1>c:\users\asus\desktop\github-ae878448bfffbf799334b73e642775f5c8fb17f4\有轨电车车内环境监测系统最终版\有轨电车车内环境监测系统12.01号版\com 最终版\com 12.3\com\com\Form1.h(2034): warning C4244: “=”: 从“double”转换到“float”，可能丢失数据
     1>c:\users\asus\desktop\github-ae878448bfffbf799334b73e642775f5c8fb17f4\有轨电车车内环境监测系统最终版\有轨电车车内环境监测系统12.01号版\com 最终版\com 12.3\com\com\Form1.h(2040): warning C4244: “+=”: 从“double”转换到“float”，可能丢失数据
     1>c:\users\asus\desktop\github-ae878448bfffbf799334b73e642775f5c8fb17f4\有轨电车车内环境监测系统最终版\有轨电车车内环境监测系统12.01号版\com 最终版\com 12.3\com\com\Form1.h(2041): warning C4244: “+=”: 从“double”转换到“float”，可能丢失数据
     1>c:\users\asus\desktop\github-ae878448bfffbf799334b73e642775f5c8fb17f4\有轨电车车内环境监测系统最终版\有轨电车车内环境监测系统12.01号版\com 最终版\com 12.3\com\com\Form1.h(2042): warning C4244: “+=”: 从“double”转换到“float”，可能丢失数据
     1>c:\users\asus\desktop\github-ae878448bfffbf799334b73e642775f5c8fb17f4\有轨电车车内环境监测系统最终版\有轨电车车内环境监测系统12.01号版\com 最终版\com 12.3\com\com\form1.h(1973): warning C4700: 使用了未初始化的局部变量“temp”
       Link:
         C:\Program Files (x86)\Microsoft Visual Studio 12.0\VC\bin\link.exe /ERRORREPORT:PROMPT /OUT:"C:\Users\ASUS\Desktop\github-ae878448bfffbf799334b73e642775f5c8fb17f4\有轨电车车内环境监测系统最终版\有轨电车车内环境监测系统12.01号版\COM 最终版\COM 12.3\COM\Debug\COM.exe" /INCREMENTAL /NOLOGO /ASSEMBLYRESOURCE:Debug\COM.Form1.resources /MANIFEST /MANIFESTUAC:"level='asInvoker' uiAccess='false'" /manifest:embed /DEBUG /PDB:"C:\Users\ASUS\Desktop\github-ae878448bfffbf799334b73e642775f5c8fb17f4\有轨电车车内环境监测系统最终版\有轨电车车内环境监测系统12.01号版\COM 最终版\COM 12.3\COM\Debug\COM.pdb" /ASSEMBLYDEBUG /SUBSYSTEM:WINDOWS /TLBID:1 /ENTRY:"main" /DYNAMICBASE /FIXED:NO /NXCOMPAT /MACHINE:X86 Debug\app.res
         Debug\AssemblyInfo.obj
         Debug\COM.obj
         Debug\stdafx.obj
         "Debug\.NETFramework,Version=v4.5.AssemblyAttributes.obj"
         COM.vcxproj -> C:\Users\ASUS\Desktop\github-ae878448bfffbf799334b73e642775f5c8fb17f4\有轨电车车内环境监测系统最终版\有轨电车车内环境监测系统12.01号版\COM 最终版\COM 12.3\COM\Debug\COM.exe
     1>已完成生成项目“C:\Users\ASUS\Desktop\github-ae878448bfffbf799334b73e642775f5c8fb17f4\有轨电车车内环境监测系统最终版\有轨电车车内环境监测系统12.01号版\COM 最终版\COM 12.3\COM\COM\COM.vcxproj”(Build 个目标)的操作。

生成成功。

已用时间 00:00:03.24
